2026-05-06 01:46:56.494 +07 [14056] LOG:  starting PostgreSQL 16.13, compiled by Visual C++ build 1944, 64-bit
2026-05-06 01:46:56.500 +07 [14056] LOG:  listening on IPv6 address "::1", port 5432
2026-05-06 01:46:56.501 +07 [14056] LOG:  listening on IPv4 address "127.0.0.1", port 5432
2026-05-06 01:46:56.570 +07 [9052] LOG:  database system was interrupted; last known up at 2026-05-05 16:47:37 +07
2026-05-06 01:46:59.508 +07 [9052] LOG:  database system was not properly shut down; automatic recovery in progress
2026-05-06 01:46:59.517 +07 [9052] LOG:  redo starts at 0/1B93918
2026-05-06 01:46:59.518 +07 [9052] LOG:  invalid record length at 0/1B93A00: expected at least 24, got 0
2026-05-06 01:46:59.518 +07 [9052] LOG:  redo done at 0/1B939C8 system usage: CPU: user: 0.00 s, system: 0.00 s, elapsed: 0.00 s
2026-05-06 01:46:59.529 +07 [28396] LOG:  checkpoint starting: end-of-recovery immediate wait
2026-05-06 01:46:59.545 +07 [28396] LOG:  checkpoint complete: wrote 3 buffers (0.0%); 0 WAL file(s) added, 0 removed, 0 recycled; write=0.004 s, sync=0.003 s, total=0.024 s; sync files=2, longest=0.002 s, average=0.002 s; distance=0 kB, estimate=0 kB; lsn=0/1B93A00, redo lsn=0/1B93A00
2026-05-06 01:46:59.609 +07 [14056] LOG:  database system is ready to accept connections
2026-05-06 01:51:59.555 +07 [28396] LOG:  checkpoint starting: time
2026-05-06 01:52:00.125 +07 [28396] LOG:  checkpoint complete: wrote 6 buffers (0.0%); 0 WAL file(s) added, 0 removed, 0 recycled; write=0.558 s, sync=0.004 s, total=0.571 s; sync files=6, longest=0.002 s, average=0.001 s; distance=4 kB, estimate=4 kB; lsn=0/1B94B20, redo lsn=0/1B94AE8
2026-05-06 01:59:51.062 +07 [9464] LOG:  could not receive data from client: An established connection was aborted by the software in your host machine.
	
2026-05-06 01:59:51.175 +07 [25788] ERROR:  must be owner of table RefreshToken
2026-05-06 01:59:51.175 +07 [25788] STATEMENT:  ALTER TABLE "RefreshToken"
	ADD COLUMN "userAgent" TEXT,
	ADD COLUMN "ipAddress" TEXT,
	ADD COLUMN "deviceName" TEXT,
	ADD COLUMN "lastUsedAt" TIMESTAMP(3);
	
	CREATE INDEX "RefreshToken_userId_lastUsedAt_idx" ON "RefreshToken"("userId", "lastUsedAt");
	
	CREATE TABLE "PushSubscription" (
	    "id" TEXT NOT NULL,
	    "studioId" TEXT NOT NULL,
	    "userId" TEXT NOT NULL,
	    "endpoint" TEXT NOT NULL,
	    "p256dh" TEXT NOT NULL,
	    "auth" TEXT NOT NULL,
	    "userAgent" TEXT,
	    "createdAt" TIMESTAMP(3) NOT NULL DEFAULT CURRENT_TIMESTAMP,
	    "updatedAt" TIMESTAMP(3) NOT NULL,
	
	    CONSTRAINT "PushSubscription_pkey" PRIMARY KEY ("id")
	);
	
	CREATE UNIQUE INDEX "PushSubscription_endpoint_key" ON "PushSubscription"("endpoint");
	CREATE INDEX "PushSubscription_studioId_idx" ON "PushSubscription"("studioId");
	CREATE INDEX "PushSubscription_userId_idx" ON "PushSubscription"("userId");
	
2026-05-06 01:59:51.181 +07 [25788] LOG:  could not receive data from client: An existing connection was forcibly closed by the remote host.
	
2026-05-06 02:00:30.627 +07 [14788] LOG:  could not receive data from client: An existing connection was forcibly closed by the remote host.
	
2026-05-06 02:00:30.708 +07 [1972] LOG:  could not receive data from client: An existing connection was forcibly closed by the remote host.
	
2026-05-06 02:00:32.057 +07 [7872] LOG:  could not receive data from client: An established connection was aborted by the software in your host machine.
	
2026-05-06 02:00:32.162 +07 [19512] LOG:  could not receive data from client: An existing connection was forcibly closed by the remote host.
	
2026-05-06 02:01:02.271 +07 [33924] LOG:  could not receive data from client: An existing connection was forcibly closed by the remote host.
	
2026-05-06 02:01:02.309 +07 [452] LOG:  could not receive data from client: An existing connection was forcibly closed by the remote host.
	
2026-05-06 02:01:02.311 +07 [28332] LOG:  could not receive data from client: An existing connection was forcibly closed by the remote host.
	
2026-05-06 02:01:02.313 +07 [4740] LOG:  could not receive data from client: An existing connection was forcibly closed by the remote host.
	
2026-05-06 02:01:02.314 +07 [23304] LOG:  could not receive data from client: An existing connection was forcibly closed by the remote host.
	
2026-05-06 02:01:02.314 +07 [14860] LOG:  could not receive data from client: An existing connection was forcibly closed by the remote host.
	
2026-05-06 02:01:02.314 +07 [7596] LOG:  could not receive data from client: An existing connection was forcibly closed by the remote host.
	
2026-05-06 02:01:02.317 +07 [32136] LOG:  could not receive data from client: An existing connection was forcibly closed by the remote host.
	
2026-05-06 02:01:02.319 +07 [27108] LOG:  could not receive data from client: An existing connection was forcibly closed by the remote host.
	
2026-05-06 02:01:02.320 +07 [31444] LOG:  could not receive data from client: An existing connection was forcibly closed by the remote host.
	
2026-05-06 02:01:59.145 +07 [28396] LOG:  checkpoint starting: time
2026-05-06 02:02:04.715 +07 [28396] LOG:  checkpoint complete: wrote 52 buffers (0.3%); 0 WAL file(s) added, 0 removed, 0 recycled; write=5.551 s, sync=0.014 s, total=5.571 s; sync files=40, longest=0.002 s, average=0.001 s; distance=258 kB, estimate=258 kB; lsn=0/1BD56A8, redo lsn=0/1BD5670
2026-05-06 02:06:59.728 +07 [28396] LOG:  checkpoint starting: time
2026-05-06 02:07:00.734 +07 [28396] LOG:  checkpoint complete: wrote 10 buffers (0.1%); 0 WAL file(s) added, 0 removed, 0 recycled; write=0.994 s, sync=0.003 s, total=1.006 s; sync files=9, longest=0.002 s, average=0.001 s; distance=6 kB, estimate=233 kB; lsn=0/1BD7130, redo lsn=0/1BD70F8
2026-05-06 02:11:59.736 +07 [28396] LOG:  checkpoint starting: time
2026-05-06 02:12:00.729 +07 [28396] LOG:  checkpoint complete: wrote 10 buffers (0.1%); 0 WAL file(s) added, 0 removed, 0 recycled; write=0.983 s, sync=0.004 s, total=0.994 s; sync files=10, longest=0.001 s, average=0.001 s; distance=8 kB, estimate=211 kB; lsn=0/1BD9220, redo lsn=0/1BD91E8
2026-05-06 02:16:59.738 +07 [28396] LOG:  checkpoint starting: time
2026-05-06 02:17:02.257 +07 [28396] LOG:  checkpoint complete: wrote 24 buffers (0.1%); 0 WAL file(s) added, 0 removed, 0 recycled; write=2.509 s, sync=0.005 s, total=2.519 s; sync files=15, longest=0.003 s, average=0.001 s; distance=9 kB, estimate=190 kB; lsn=0/1BDD828, redo lsn=0/1BDB780
2026-05-06 02:26:59.274 +07 [28396] LOG:  checkpoint starting: time
2026-05-06 02:26:59.977 +07 [28396] LOG:  checkpoint complete: wrote 7 buffers (0.0%); 0 WAL file(s) added, 0 removed, 0 recycled; write=0.684 s, sync=0.009 s, total=0.703 s; sync files=7, longest=0.008 s, average=0.002 s; distance=9 kB, estimate=172 kB; lsn=0/1BDDD10, redo lsn=0/1BDDCD8
2026-05-06 02:36:59.994 +07 [28396] LOG:  checkpoint starting: time
2026-05-06 02:37:03.950 +07 [28396] LOG:  checkpoint complete: wrote 37 buffers (0.2%); 0 WAL file(s) added, 0 removed, 0 recycled; write=3.938 s, sync=0.004 s, total=3.956 s; sync files=25, longest=0.002 s, average=0.001 s; distance=10 kB, estimate=156 kB; lsn=0/1BE0908, redo lsn=0/1BE08D0
2026-05-06 02:41:59.960 +07 [28396] LOG:  checkpoint starting: time
2026-05-06 02:42:00.854 +07 [28396] LOG:  checkpoint complete: wrote 9 buffers (0.1%); 0 WAL file(s) added, 0 removed, 0 recycled; write=0.882 s, sync=0.004 s, total=0.894 s; sync files=9, longest=0.002 s, average=0.001 s; distance=10 kB, estimate=141 kB; lsn=0/1BE3278, redo lsn=0/1BE3240
2026-05-06 03:01:59.886 +07 [28396] LOG:  checkpoint starting: time
2026-05-06 03:02:00.564 +07 [28396] LOG:  checkpoint complete: wrote 7 buffers (0.0%); 0 WAL file(s) added, 0 removed, 0 recycled; write=0.660 s, sync=0.007 s, total=0.679 s; sync files=7, longest=0.004 s, average=0.001 s; distance=11 kB, estimate=128 kB; lsn=0/1BE5F58, redo lsn=0/1BE5F20
2026-05-06 03:03:02.504 +07 [21156] LOG:  could not receive data from client: An existing connection was forcibly closed by the remote host.
	
2026-05-06 03:03:02.507 +07 [26296] LOG:  could not receive data from client: An existing connection was forcibly closed by the remote host.
	
2026-05-06 03:03:02.575 +07 [29440] LOG:  could not receive data from client: An existing connection was forcibly closed by the remote host.
	
2026-05-06 03:03:02.575 +07 [10932] LOG:  could not receive data from client: An existing connection was forcibly closed by the remote host.
	
2026-05-06 03:03:02.588 +07 [21912] LOG:  could not receive data from client: An existing connection was forcibly closed by the remote host.
	
2026-05-06 03:03:02.597 +07 [33784] LOG:  could not receive data from client: An existing connection was forcibly closed by the remote host.
	
2026-05-06 03:03:02.600 +07 [3136] LOG:  could not receive data from client: An existing connection was forcibly closed by the remote host.
	
2026-05-06 03:03:02.603 +07 [26064] LOG:  could not receive data from client: An existing connection was forcibly closed by the remote host.
	
2026-05-06 03:03:02.604 +07 [34432] LOG:  could not receive data from client: An existing connection was forcibly closed by the remote host.
	
2026-05-06 03:03:02.608 +07 [30192] LOG:  could not receive data from client: An existing connection was forcibly closed by the remote host.
	
2026-05-06 03:03:34.283 +07 [19816] LOG:  could not receive data from client: An established connection was aborted by the software in your host machine.
	
2026-05-06 03:03:34.492 +07 [10132] ERROR:  must be owner of table WalletShift
2026-05-06 03:03:34.492 +07 [10132] STATEMENT:  -- Professional shift ledger and long-term finance indexes.
	ALTER TABLE "WalletShift" ADD COLUMN "code" TEXT;
	ALTER TABLE "Transaction" ADD COLUMN "walletShiftId" TEXT;
	
	CREATE UNIQUE INDEX "WalletShift_studioId_code_key" ON "WalletShift"("studioId", "code");
	CREATE INDEX "WalletShift_studioId_status_openedAt_idx" ON "WalletShift"("studioId", "status", "openedAt");
	CREATE INDEX "WalletShift_openedById_idx" ON "WalletShift"("openedById");
	CREATE INDEX "WalletShift_closedById_idx" ON "WalletShift"("closedById");
	CREATE INDEX "Transaction_studioId_walletShiftId_occurredAt_idx" ON "Transaction"("studioId", "walletShiftId", "occurredAt");
	
	ALTER TABLE "WalletShift" ADD CONSTRAINT "WalletShift_openedById_fkey" FOREIGN KEY ("openedById") REFERENCES "User"("id") ON DELETE SET NULL ON UPDATE CASCADE;
	ALTER TABLE "WalletShift" ADD CONSTRAINT "WalletShift_closedById_fkey" FOREIGN KEY ("closedById") REFERENCES "User"("id") ON DELETE SET NULL ON UPDATE CASCADE;
	ALTER TABLE "Transaction" ADD CONSTRAINT "Transaction_walletShiftId_fkey" FOREIGN KEY ("walletShiftId") REFERENCES "WalletShift"("id") ON DELETE SET NULL ON UPDATE CASCADE;
	
	-- Backfill readable codes for existing closed/open shifts.
	WITH numbered AS (
	  SELECT
	    id,
	    "studioId",
	    'CA-' || to_char("openedAt", 'YYYYMMDD') || '-' ||
	    lpad(row_number() OVER (PARTITION BY "studioId", date_trunc('day', "openedAt") ORDER BY "openedAt", id)::text, 3, '0') AS next_code
	  FROM "WalletShift"
	  WHERE code IS NULL
	)
	UPDATE "WalletShift" ws
	SET code = numbered.next_code
	FROM numbered
	WHERE ws.id = numbered.id;
	
2026-05-06 03:03:34.498 +07 [10132] LOG:  could not receive data from client: An existing connection was forcibly closed by the remote host.
	
2026-05-06 03:03:56.204 +07 [29732] LOG:  could not receive data from client: An established connection was aborted by the software in your host machine.
	
2026-05-06 03:03:56.295 +07 [5804] LOG:  could not receive data from client: An existing connection was forcibly closed by the remote host.
	
2026-05-06 03:04:13.857 +07 [9800] LOG:  could not receive data from client: An existing connection was forcibly closed by the remote host.
	
2026-05-06 03:04:13.961 +07 [12100] LOG:  could not receive data from client: An existing connection was forcibly closed by the remote host.
	
2026-05-06 03:04:28.814 +07 [30648] LOG:  could not receive data from client: An established connection was aborted by the software in your host machine.
	
2026-05-06 03:04:28.963 +07 [22692] LOG:  could not receive data from client: An existing connection was forcibly closed by the remote host.
	
2026-05-06 03:06:59.564 +07 [28396] LOG:  checkpoint starting: time
2026-05-06 03:07:05.447 +07 [28396] LOG:  checkpoint complete: wrote 50 buffers (0.3%); 1 WAL file(s) added, 0 removed, 0 recycled; write=5.824 s, sync=0.006 s, total=5.884 s; sync files=36, longest=0.002 s, average=0.001 s; distance=229 kB, estimate=229 kB; lsn=0/1C1F638, redo lsn=0/1C1F600
2026-05-06 03:16:59.469 +07 [28396] LOG:  checkpoint starting: time
2026-05-06 03:17:02.648 +07 [28396] LOG:  checkpoint complete: wrote 30 buffers (0.2%); 0 WAL file(s) added, 0 removed, 0 recycled; write=3.159 s, sync=0.008 s, total=3.180 s; sync files=29, longest=0.001 s, average=0.001 s; distance=25 kB, estimate=209 kB; lsn=0/1C25BD8, redo lsn=0/1C25BA0
2026-05-06 03:20:11.019 +07 [17464] LOG:  could not receive data from client: An existing connection was forcibly closed by the remote host.
	
2026-05-06 03:20:11.150 +07 [25644] LOG:  could not receive data from client: An existing connection was forcibly closed by the remote host.
	
2026-05-06 03:21:59.652 +07 [28396] LOG:  checkpoint starting: time
2026-05-06 03:22:00.982 +07 [28396] LOG:  checkpoint complete: wrote 13 buffers (0.1%); 0 WAL file(s) added, 0 removed, 0 recycled; write=1.310 s, sync=0.007 s, total=1.330 s; sync files=13, longest=0.002 s, average=0.001 s; distance=11 kB, estimate=189 kB; lsn=0/1C28840, redo lsn=0/1C28808
2026-05-06 03:26:59.988 +07 [28396] LOG:  checkpoint starting: time
2026-05-06 03:27:01.540 +07 [28396] LOG:  checkpoint complete: wrote 15 buffers (0.1%); 0 WAL file(s) added, 0 removed, 0 recycled; write=1.538 s, sync=0.006 s, total=1.553 s; sync files=15, longest=0.004 s, average=0.001 s; distance=22 kB, estimate=172 kB; lsn=0/1C2E330, redo lsn=0/1C2E2F8
2026-05-06 03:36:59.563 +07 [28396] LOG:  checkpoint starting: time
2026-05-06 03:37:00.436 +07 [28396] LOG:  checkpoint complete: wrote 9 buffers (0.1%); 0 WAL file(s) added, 0 removed, 0 recycled; write=0.861 s, sync=0.006 s, total=0.874 s; sync files=9, longest=0.003 s, average=0.001 s; distance=14 kB, estimate=156 kB; lsn=0/1C31BD8, redo lsn=0/1C31BA0
2026-05-06 03:41:59.451 +07 [28396] LOG:  checkpoint starting: time
2026-05-06 03:42:00.124 +07 [28396] LOG:  checkpoint complete: wrote 7 buffers (0.0%); 0 WAL file(s) added, 0 removed, 0 recycled; write=0.663 s, sync=0.003 s, total=0.673 s; sync files=7, longest=0.001 s, average=0.001 s; distance=16 kB, estimate=142 kB; lsn=0/1C35D08, redo lsn=0/1C35CD0
2026-05-06 11:12:27.767 +07 [3532] LOG:  starting PostgreSQL 16.13, compiled by Visual C++ build 1944, 64-bit
2026-05-06 11:12:27.775 +07 [3532] LOG:  listening on IPv6 address "::1", port 5432
2026-05-06 11:12:27.775 +07 [3532] LOG:  listening on IPv4 address "127.0.0.1", port 5432
2026-05-06 11:12:27.827 +07 [30108] LOG:  database system was interrupted; last known up at 2026-05-06 03:42:00 +07
2026-05-06 11:12:28.095 +07 [30108] LOG:  database system was not properly shut down; automatic recovery in progress
2026-05-06 11:12:28.101 +07 [30108] LOG:  redo starts at 0/1C35CD0
2026-05-06 11:12:28.101 +07 [30108] LOG:  invalid record length at 0/1C35DB8: expected at least 24, got 0
2026-05-06 11:12:28.101 +07 [30108] LOG:  redo done at 0/1C35D80 system usage: CPU: user: 0.00 s, system: 0.00 s, elapsed: 0.00 s
2026-05-06 11:12:28.117 +07 [20516] LOG:  checkpoint starting: end-of-recovery immediate wait
2026-05-06 11:12:28.145 +07 [20516] LOG:  checkpoint complete: wrote 3 buffers (0.0%); 0 WAL file(s) added, 0 removed, 0 recycled; write=0.006 s, sync=0.003 s, total=0.040 s; sync files=2, longest=0.002 s, average=0.002 s; distance=0 kB, estimate=0 kB; lsn=0/1C35DB8, redo lsn=0/1C35DB8
2026-05-06 11:12:28.190 +07 [3532] LOG:  database system is ready to accept connections
2026-05-06 11:17:28.155 +07 [20516] LOG:  checkpoint starting: time
2026-05-06 11:17:29.727 +07 [20516] LOG:  checkpoint complete: wrote 15 buffers (0.1%); 0 WAL file(s) added, 0 removed, 0 recycled; write=1.557 s, sync=0.005 s, total=1.573 s; sync files=15, longest=0.002 s, average=0.001 s; distance=23 kB, estimate=23 kB; lsn=0/1C3BCB8, redo lsn=0/1C3BC80
2026-05-06 12:00:47.592 +07 [14556] ERROR:  unterminated quoted identifier at or near "" lastLoginAt\" at character 92
2026-05-06 12:00:47.592 +07 [14556] STATEMENT:  select s.name as studio, s.slug, u.name as user_name, u.email, r.name as role, u.status, u." lastLoginAt\
2026-05-06 12:01:00.392 +07 [22324] ERROR:  relation "studio" does not exist at character 121
2026-05-06 12:01:00.392 +07 [22324] STATEMENT:  select s.name as studio, s.slug, u.name as user_name, u.email, r.name as role, u.status, u.lastLoginAt from User u join Studio s on s.id=u.studioId left join Role r on r.id=u.roleId order by u.createdAt asc;
2026-05-06 12:11:46.546 +07 [20516] LOG:  checkpoint starting: time
2026-05-06 12:11:49.859 +07 [20516] LOG:  checkpoint complete: wrote 31 buffers (0.2%); 0 WAL file(s) added, 0 removed, 0 recycled; write=3.307 s, sync=0.003 s, total=3.314 s; sync files=27, longest=0.001 s, average=0.001 s; distance=47 kB, estimate=47 kB; lsn=0/1C47B08, redo lsn=0/1C47AD0
2026-05-06 12:16:46.870 +07 [20516] LOG:  checkpoint starting: time
2026-05-06 12:16:49.404 +07 [20516] LOG:  checkpoint complete: wrote 24 buffers (0.1%); 0 WAL file(s) added, 0 removed, 0 recycled; write=2.520 s, sync=0.005 s, total=2.535 s; sync files=21, longest=0.002 s, average=0.001 s; distance=29 kB, estimate=45 kB; lsn=0/1C4F018, redo lsn=0/1C4EFE0
2026-05-06 12:21:46.417 +07 [20516] LOG:  checkpoint starting: time
2026-05-06 12:21:47.968 +07 [20516] LOG:  checkpoint complete: wrote 15 buffers (0.1%); 0 WAL file(s) added, 0 removed, 0 recycled; write=1.539 s, sync=0.005 s, total=1.552 s; sync files=15, longest=0.002 s, average=0.001 s; distance=22 kB, estimate=43 kB; lsn=0/1C54BA8, redo lsn=0/1C54B70
2026-05-06 12:26:46.972 +07 [20516] LOG:  checkpoint starting: time
2026-05-06 12:27:01.346 +07 [20516] LOG:  checkpoint complete: wrote 132 buffers (0.8%); 0 WAL file(s) added, 0 removed, 0 recycled; write=14.354 s, sync=0.011 s, total=14.374 s; sync files=86, longest=0.002 s, average=0.001 s; distance=66 kB, estimate=66 kB; lsn=0/1C655E8, redo lsn=0/1C655B0
2026-05-06 12:31:46.353 +07 [20516] LOG:  checkpoint starting: time
2026-05-06 12:31:51.947 +07 [20516] LOG:  checkpoint complete: wrote 52 buffers (0.3%); 0 WAL file(s) added, 0 removed, 0 recycled; write=5.578 s, sync=0.009 s, total=5.594 s; sync files=47, longest=0.003 s, average=0.001 s; distance=52 kB, estimate=65 kB; lsn=0/1C726B0, redo lsn=0/1C72678
2026-05-06 12:36:46.952 +07 [20516] LOG:  checkpoint starting: time
2026-05-06 12:36:48.628 +07 [20516] LOG:  checkpoint complete: wrote 17 buffers (0.1%); 0 WAL file(s) added, 0 removed, 0 recycled; write=1.666 s, sync=0.002 s, total=1.676 s; sync files=16, longest=0.001 s, average=0.001 s; distance=23 kB, estimate=60 kB; lsn=0/1C78430, redo lsn=0/1C783F8
2026-05-06 12:41:46.632 +07 [20516] LOG:  checkpoint starting: time
2026-05-06 12:41:47.530 +07 [20516] LOG:  checkpoint complete: wrote 9 buffers (0.1%); 0 WAL file(s) added, 0 removed, 0 recycled; write=0.859 s, sync=0.005 s, total=0.898 s; sync files=8, longest=0.002 s, average=0.001 s; distance=18 kB, estimate=56 kB; lsn=0/1C7CCE0, redo lsn=0/1C7CCA8
2026-05-06 12:58:23.740 +07 [28296] LOG:  could not receive data from client: An existing connection was forcibly closed by the remote host.
	
2026-05-06 12:58:23.844 +07 [30148] ERROR:  must be owner of table RefreshToken
2026-05-06 12:58:23.844 +07 [30148] STATEMENT:  ALTER TABLE "RefreshToken" ADD COLUMN "deviceKey" TEXT;
	
	CREATE INDEX "RefreshToken_userId_deviceKey_idx" ON "RefreshToken"("userId", "deviceKey");
	
2026-05-06 12:58:23.848 +07 [30148] LOG:  could not receive data from client: An existing connection was forcibly closed by the remote host.
	
2026-05-06 12:58:45.095 +07 [29256] ERROR:  unterminated quoted identifier at or near "" _prisma_migrations\" at character 47
2026-05-06 12:58:45.095 +07 [29256] STATEMENT:  select migration_name, logs, finished_at from " _prisma_migrations\
2026-05-06 13:00:01.704 +07 [27520] LOG:  could not receive data from client: An existing connection was forcibly closed by the remote host.
	
2026-05-06 13:00:01.753 +07 [10112] LOG:  could not receive data from client: An existing connection was forcibly closed by the remote host.
	
2026-05-06 13:00:01.774 +07 [16072] LOG:  could not receive data from client: An existing connection was forcibly closed by the remote host.
	
2026-05-06 13:00:01.779 +07 [10588] LOG:  could not receive data from client: An existing connection was forcibly closed by the remote host.
	
2026-05-06 13:00:01.787 +07 [12988] LOG:  could not receive data from client: An existing connection was forcibly closed by the remote host.
	
2026-05-06 13:00:01.788 +07 [17784] LOG:  could not receive data from client: An existing connection was forcibly closed by the remote host.
	
2026-05-06 13:00:01.790 +07 [31052] LOG:  could not receive data from client: An existing connection was forcibly closed by the remote host.
	
2026-05-06 13:00:01.790 +07 [1536] LOG:  could not receive data from client: An existing connection was forcibly closed by the remote host.
	
2026-05-06 13:00:01.792 +07 [5952] LOG:  could not receive data from client: An existing connection was forcibly closed by the remote host.
	
2026-05-06 13:00:01.802 +07 [1692] LOG:  could not receive data from client: An existing connection was forcibly closed by the remote host.
	
2026-05-06 13:00:01.806 +07 [25792] LOG:  could not receive data from client: An existing connection was forcibly closed by the remote host.
	
2026-05-06 13:00:01.807 +07 [23076] LOG:  could not receive data from client: An existing connection was forcibly closed by the remote host.
	
2026-05-06 13:00:26.814 +07 [32408] LOG:  could not receive data from client: An established connection was aborted by the software in your host machine.
	
2026-05-06 13:00:26.890 +07 [19664] LOG:  could not receive data from client: An existing connection was forcibly closed by the remote host.
	
2026-05-06 13:00:28.136 +07 [18064] LOG:  could not receive data from client: An existing connection was forcibly closed by the remote host.
	
2026-05-06 13:00:28.264 +07 [5476] LOG:  could not receive data from client: An existing connection was forcibly closed by the remote host.
	
2026-05-06 13:01:46.547 +07 [20516] LOG:  checkpoint starting: time
2026-05-06 13:01:49.575 +07 [20516] LOG:  checkpoint complete: wrote 30 buffers (0.2%); 0 WAL file(s) added, 0 removed, 0 recycled; write=3.014 s, sync=0.005 s, total=3.028 s; sync files=20, longest=0.003 s, average=0.001 s; distance=139 kB, estimate=139 kB; lsn=0/1C9F930, redo lsn=0/1C9F8F8
2026-05-06 13:06:46.575 +07 [20516] LOG:  checkpoint starting: time
2026-05-06 13:06:48.250 +07 [20516] LOG:  checkpoint complete: wrote 17 buffers (0.1%); 0 WAL file(s) added, 0 removed, 0 recycled; write=1.666 s, sync=0.002 s, total=1.676 s; sync files=16, longest=0.001 s, average=0.001 s; distance=37 kB, estimate=128 kB; lsn=0/1CA8FB0, redo lsn=0/1CA8F78
2026-05-06 16:53:53.492 +07 [15684] LOG:  starting PostgreSQL 16.13, compiled by Visual C++ build 1944, 64-bit
2026-05-06 16:53:53.496 +07 [15684] LOG:  listening on IPv6 address "::1", port 5432
2026-05-06 16:53:53.496 +07 [15684] LOG:  listening on IPv4 address "127.0.0.1", port 5432
2026-05-06 16:53:53.561 +07 [2052] LOG:  database system was interrupted; last known up at 2026-05-06 13:06:48 +07
2026-05-06 16:53:55.634 +07 [2052] LOG:  database system was not properly shut down; automatic recovery in progress
2026-05-06 16:53:55.637 +07 [2052] LOG:  redo starts at 0/1CA8F78
2026-05-06 16:53:55.640 +07 [2052] LOG:  invalid record length at 0/1CAC338: expected at least 24, got 0
2026-05-06 16:53:55.640 +07 [2052] LOG:  redo done at 0/1CAC300 system usage: CPU: user: 0.00 s, system: 0.00 s, elapsed: 0.00 s
2026-05-06 16:53:55.648 +07 [6076] LOG:  checkpoint starting: end-of-recovery immediate wait
2026-05-06 16:53:55.660 +07 [6076] LOG:  checkpoint complete: wrote 10 buffers (0.1%); 0 WAL file(s) added, 0 removed, 0 recycled; write=0.004 s, sync=0.002 s, total=0.017 s; sync files=9, longest=0.001 s, average=0.001 s; distance=12 kB, estimate=12 kB; lsn=0/1CAC338, redo lsn=0/1CAC338
2026-05-06 16:53:55.686 +07 [15684] LOG:  database system is ready to accept connections
2026-05-06 17:04:47.056 +07 [18292] ERROR:  unterminated quoted identifier at or near "" Studio\;" at character 33
2026-05-06 17:04:47.056 +07 [18292] STATEMENT:  select count(*) as studios from " Studio\;
2026-05-06 17:05:12.723 +07 [1688] ERROR:  relation "studio" does not exist at character 33
2026-05-06 17:05:12.723 +07 [1688] STATEMENT:  select count(*) as studios from Studio;
2026-05-06 17:05:45.898 +07 [16020] ERROR:  relation "studio" does not exist at character 35
2026-05-06 17:05:45.898 +07 [16020] STATEMENT:  select name, slug, createdAt from Studio;
2026-05-06 17:05:45.924 +07 [6240] ERROR:  column "email" does not exist at character 8
2026-05-06 17:05:45.924 +07 [6240] STATEMENT:  select email, status, createdAt from User;
2026-05-06 17:06:06.202 +07 [12180] ERROR:  unterminated quoted identifier at or near "" email\," at character 8
2026-05-06 17:06:06.202 +07 [12180] STATEMENT:  select " email\,
2026-05-06 17:06:06.215 +07 [7088] ERROR:  unterminated quoted identifier at or near "" name\," at character 8
2026-05-06 17:06:06.215 +07 [7088] STATEMENT:  select " name\,
2026-05-06 17:08:19.918 +07 [15684] LOG:  received fast shutdown request
2026-05-06 17:08:19.918 +07 [5684] ERROR:  canceling statement due to user request
2026-05-06 17:08:19.918 +07 [15684] LOG:  aborting any active transactions
2026-05-06 17:08:19.924 +07 [15684] LOG:  background worker "logical replication launcher" (PID 5684) exited with exit code 1
2026-05-06 17:08:19.925 +07 [6076] LOG:  shutting down
2026-05-06 17:08:19.925 +07 [6076] LOG:  checkpoint starting: shutdown immediate
2026-05-06 17:08:19.941 +07 [6076] LOG:  checkpoint complete: wrote 0 buffers (0.0%); 0 WAL file(s) added, 0 removed, 0 recycled; write=0.001 s, sync=0.001 s, total=0.017 s; sync files=0, longest=0.000 s, average=0.000 s; distance=0 kB, estimate=11 kB; lsn=0/1CAC3E8, redo lsn=0/1CAC3E8
2026-05-06 17:08:19.952 +07 [15684] LOG:  database system is shut down
2026-05-06 17:08:27.062 +07 [1688] LOG:  starting PostgreSQL 16.13, compiled by Visual C++ build 1944, 64-bit
2026-05-06 17:08:27.072 +07 [1688] LOG:  listening on IPv6 address "::1", port 5432
2026-05-06 17:08:27.072 +07 [1688] LOG:  listening on IPv4 address "127.0.0.1", port 5432
2026-05-06 17:08:27.145 +07 [468] LOG:  database system was shut down at 2026-05-06 17:08:19 +07
2026-05-06 17:08:27.159 +07 [1688] LOG:  database system is ready to accept connections
2026-05-06 17:13:27.148 +07 [20656] LOG:  checkpoint starting: time
2026-05-06 17:13:27.178 +07 [20656] LOG:  checkpoint complete: wrote 3 buffers (0.0%); 0 WAL file(s) added, 0 removed, 0 recycled; write=0.010 s, sync=0.003 s, total=0.030 s; sync files=2, longest=0.002 s, average=0.002 s; distance=0 kB, estimate=0 kB; lsn=0/1CAC4D0, redo lsn=0/1CAC498
2026-05-06 17:30:28.859 +07 [1688] LOG:  background worker "logical replication launcher" (PID 2856) was terminated by exception 0xC000013A
2026-05-06 17:30:28.859 +07 [1688] HINT:  See C include file "ntstatus.h" for a description of the hexadecimal value.
2026-05-06 17:30:28.860 +07 [1688] LOG:  terminating any other active server processes
2026-05-06 17:30:28.870 +07 [1688] LOG:  received fast shutdown request
^C2026-05-06 19:15:52.697 +07 [1912] LOG:  starting PostgreSQL 16.13, compiled by Visual C++ build 1944, 64-bit
2026-05-06 19:15:52.708 +07 [1912] LOG:  listening on IPv6 address "::1", port 5432
2026-05-06 19:15:52.708 +07 [1912] LOG:  listening on IPv4 address "127.0.0.1", port 5432
2026-05-06 19:15:52.769 +07 [17312] LOG:  database system was interrupted; last known up at 2026-05-06 17:13:27 +07
2026-05-06 19:15:53.018 +07 [17312] LOG:  database system was not properly shut down; automatic recovery in progress
2026-05-06 19:15:53.023 +07 [17312] LOG:  redo starts at 0/1CAC498
2026-05-06 19:15:53.023 +07 [17312] LOG:  invalid record length at 0/1CAC580: expected at least 24, got 0
2026-05-06 19:15:53.023 +07 [17312] LOG:  redo done at 0/1CAC548 system usage: CPU: user: 0.00 s, system: 0.00 s, elapsed: 0.00 s
2026-05-06 19:15:53.036 +07 [20736] LOG:  checkpoint starting: end-of-recovery immediate wait
2026-05-06 19:15:53.055 +07 [20736] LOG:  checkpoint complete: wrote 3 buffers (0.0%); 0 WAL file(s) added, 0 removed, 0 recycled; write=0.003 s, sync=0.002 s, total=0.030 s; sync files=2, longest=0.001 s, average=0.001 s; distance=0 kB, estimate=0 kB; lsn=0/1CAC580, redo lsn=0/1CAC580
2026-05-06 19:15:53.086 +07 [1912] LOG:  database system is ready to accept connections
2026-05-06 19:35:53.085 +07 [20736] LOG:  checkpoint starting: time
2026-05-06 19:35:54.819 +07 [20736] LOG:  checkpoint complete: wrote 17 buffers (0.1%); 0 WAL file(s) added, 0 removed, 0 recycled; write=1.694 s, sync=0.010 s, total=1.735 s; sync files=16, longest=0.004 s, average=0.001 s; distance=44 kB, estimate=44 kB; lsn=0/1CB7668, redo lsn=0/1CB7630
2026-05-06 19:38:05.207 +07 [17824] LOG:  could not receive data from client: An existing connection was forcibly closed by the remote host.
	
2026-05-06 19:38:05.259 +07 [9420] LOG:  could not receive data from client: An existing connection was forcibly closed by the remote host.
	
2026-05-06 19:40:42.033 +07 [1912] LOG:  received fast shutdown request
2026-05-06 19:40:42.034 +07 [1912] LOG:  aborting any active transactions
2026-05-06 19:40:42.034 +07 [23584] FATAL:  terminating connection due to administrator command
2026-05-06 19:40:42.034 +07 [6628] FATAL:  terminating connection due to administrator command
2026-05-06 19:40:42.037 +07 [19424] ERROR:  canceling statement due to user request
2026-05-06 19:40:42.042 +07 [1912] LOG:  background worker "logical replication launcher" (PID 19424) exited with exit code 1
2026-05-06 19:40:42.042 +07 [20736] LOG:  shutting down
2026-05-06 19:40:42.042 +07 [20736] LOG:  checkpoint starting: shutdown immediate
2026-05-06 19:40:42.058 +07 [20736] LOG:  checkpoint complete: wrote 16 buffers (0.1%); 0 WAL file(s) added, 0 removed, 0 recycled; write=0.009 s, sync=0.004 s, total=0.017 s; sync files=16, longest=0.001 s, average=0.001 s; distance=41 kB, estimate=43 kB; lsn=0/1CC1BF8, redo lsn=0/1CC1BF8
2026-05-06 19:40:42.074 +07 [1912] LOG:  database system is shut down
2026-05-06 19:40:48.008 +07 [10544] LOG:  starting PostgreSQL 16.13, compiled by Visual C++ build 1944, 64-bit
2026-05-06 19:40:48.013 +07 [10544] LOG:  listening on IPv6 address "::1", port 5432
2026-05-06 19:40:48.013 +07 [10544] LOG:  listening on IPv4 address "127.0.0.1", port 5432
2026-05-06 19:40:48.056 +07 [3564] LOG:  database system was shut down at 2026-05-06 19:40:42 +07
2026-05-06 19:40:48.073 +07 [10544] LOG:  database system is ready to accept connections
2026-05-06 19:45:48.052 +07 [12952] LOG:  checkpoint starting: time
2026-05-06 19:45:50.008 +07 [12952] LOG:  checkpoint complete: wrote 21 buffers (0.1%); 0 WAL file(s) added, 0 removed, 0 recycled; write=1.937 s, sync=0.007 s, total=1.957 s; sync files=20, longest=0.003 s, average=0.001 s; distance=43 kB, estimate=43 kB; lsn=0/1CCCBA0, redo lsn=0/1CCCB68
2026-05-06 19:50:48.023 +07 [12952] LOG:  checkpoint starting: time
2026-05-06 19:50:48.815 +07 [12952] LOG:  checkpoint complete: wrote 8 buffers (0.0%); 0 WAL file(s) added, 0 removed, 0 recycled; write=0.779 s, sync=0.006 s, total=0.792 s; sync files=8, longest=0.003 s, average=0.001 s; distance=9 kB, estimate=40 kB; lsn=0/1CCF068, redo lsn=0/1CCF030
2026-05-06 20:00:48.811 +07 [12952] LOG:  checkpoint starting: time
2026-05-06 20:00:50.222 +07 [12952] LOG:  checkpoint complete: wrote 14 buffers (0.1%); 0 WAL file(s) added, 0 removed, 0 recycled; write=1.392 s, sync=0.008 s, total=1.412 s; sync files=14, longest=0.004 s, average=0.001 s; distance=8 kB, estimate=37 kB; lsn=0/1CD10D8, redo lsn=0/1CD10A0
2026-05-06 20:05:48.223 +07 [12952] LOG:  checkpoint starting: time
2026-05-06 20:05:50.956 +07 [12952] LOG:  checkpoint complete: wrote 27 buffers (0.2%); 0 WAL file(s) added, 0 removed, 0 recycled; write=2.716 s, sync=0.006 s, total=2.733 s; sync files=27, longest=0.003 s, average=0.001 s; distance=51 kB, estimate=51 kB; lsn=0/1CDE050, redo lsn=0/1CDE018
2026-05-06 20:15:48.962 +07 [12952] LOG:  checkpoint starting: time
2026-05-06 20:15:50.849 +07 [12952] LOG:  checkpoint complete: wrote 18 buffers (0.1%); 0 WAL file(s) added, 0 removed, 0 recycled; write=1.871 s, sync=0.005 s, total=1.888 s; sync files=18, longest=0.001 s, average=0.001 s; distance=36 kB, estimate=50 kB; lsn=0/1CE7280, redo lsn=0/1CE7248
2026-05-06 20:25:48.856 +07 [12952] LOG:  checkpoint starting: time
2026-05-06 20:25:50.655 +07 [12952] LOG:  checkpoint complete: wrote 18 buffers (0.1%); 0 WAL file(s) added, 0 removed, 0 recycled; write=1.786 s, sync=0.003 s, total=1.799 s; sync files=18, longest=0.001 s, average=0.001 s; distance=46 kB, estimate=49 kB; lsn=0/1CF2AB0, redo lsn=0/1CF2A78
2026-05-06 20:30:48.655 +07 [12952] LOG:  checkpoint starting: time
2026-05-06 20:30:49.441 +07 [12952] LOG:  checkpoint complete: wrote 8 buffers (0.0%); 0 WAL file(s) added, 0 removed, 0 recycled; write=0.776 s, sync=0.004 s, total=0.787 s; sync files=8, longest=0.002 s, average=0.001 s; distance=23 kB, estimate=47 kB; lsn=0/1CF8840, redo lsn=0/1CF8808
2026-05-06 20:35:48.439 +07 [12952] LOG:  checkpoint starting: time
2026-05-06 20:35:51.534 +07 [12952] LOG:  checkpoint complete: wrote 30 buffers (0.2%); 0 WAL file(s) added, 0 removed, 0 recycled; write=3.076 s, sync=0.009 s, total=3.095 s; sync files=30, longest=0.003 s, average=0.001 s; distance=52 kB, estimate=52 kB; lsn=0/1D059B8, redo lsn=0/1D05980
2026-05-06 20:50:48.558 +07 [12952] LOG:  checkpoint starting: time
2026-05-06 20:50:49.410 +07 [12952] LOG:  checkpoint complete: wrote 9 buffers (0.1%); 0 WAL file(s) added, 0 removed, 0 recycled; write=0.840 s, sync=0.003 s, total=0.853 s; sync files=9, longest=0.001 s, average=0.001 s; distance=24 kB, estimate=49 kB; lsn=0/1D0BBA8, redo lsn=0/1D0BB70
2026-05-06 21:00:48.416 +07 [12952] LOG:  checkpoint starting: time
2026-05-06 21:00:49.194 +07 [12952] LOG:  checkpoint complete: wrote 8 buffers (0.0%); 0 WAL file(s) added, 0 removed, 0 recycled; write=0.762 s, sync=0.007 s, total=0.779 s; sync files=8, longest=0.003 s, average=0.001 s; distance=18 kB, estimate=46 kB; lsn=0/1D10490, redo lsn=0/1D10458
2026-05-06 21:05:48.223 +07 [12952] LOG:  checkpoint starting: time
2026-05-06 21:05:49.692 +07 [12952] LOG:  checkpoint complete: wrote 14 buffers (0.1%); 0 WAL file(s) added, 0 removed, 0 recycled; write=1.454 s, sync=0.005 s, total=1.469 s; sync files=13, longest=0.002 s, average=0.001 s; distance=40 kB, estimate=45 kB; lsn=0/1D1A590, redo lsn=0/1D1A558
2026-05-06 21:10:48.692 +07 [12952] LOG:  checkpoint starting: time
2026-05-06 21:10:50.131 +07 [12952] LOG:  checkpoint complete: wrote 14 buffers (0.1%); 0 WAL file(s) added, 0 removed, 0 recycled; write=1.425 s, sync=0.006 s, total=1.439 s; sync files=10, longest=0.003 s, average=0.001 s; distance=61 kB, estimate=61 kB; lsn=0/1D29AE8, redo lsn=0/1D29AB0
2026-05-06 21:15:48.124 +07 [12952] LOG:  checkpoint starting: time
2026-05-06 21:15:48.902 +07 [12952] LOG:  checkpoint complete: wrote 8 buffers (0.0%); 0 WAL file(s) added, 0 removed, 0 recycled; write=0.766 s, sync=0.004 s, total=0.779 s; sync files=7, longest=0.002 s, average=0.001 s; distance=26 kB, estimate=57 kB; lsn=0/1D305E8, redo lsn=0/1D305B0
2026-05-06 21:17:03.585 +07 [22192] LOG:  could not receive data from client: An existing connection was forcibly closed by the remote host.
	
2026-05-06 21:17:03.586 +07 [26052] LOG:  could not receive data from client: An existing connection was forcibly closed by the remote host.
	
2026-05-06 21:17:03.587 +07 [2196] LOG:  could not receive data from client: An existing connection was forcibly closed by the remote host.
	
2026-05-06 21:17:03.591 +07 [23780] LOG:  could not receive data from client: An existing connection was forcibly closed by the remote host.
	
2026-05-06 21:17:03.597 +07 [11984] LOG:  could not receive data from client: An existing connection was forcibly closed by the remote host.
	
2026-05-06 21:17:03.597 +07 [19756] LOG:  could not receive data from client: An existing connection was forcibly closed by the remote host.
	
2026-05-06 21:17:03.608 +07 [20472] LOG:  could not receive data from client: An existing connection was forcibly closed by the remote host.
	
2026-05-06 21:17:03.608 +07 [13004] LOG:  could not receive data from client: An existing connection was forcibly closed by the remote host.
	
2026-05-06 21:17:03.608 +07 [15872] LOG:  could not receive data from client: An existing connection was forcibly closed by the remote host.
	
2026-05-06 21:17:03.608 +07 [20976] LOG:  could not receive data from client: An existing connection was forcibly closed by the remote host.
	
2026-05-06 21:17:03.609 +07 [12828] LOG:  could not receive data from client: An existing connection was forcibly closed by the remote host.
	
2026-05-06 21:17:03.612 +07 [6084] LOG:  could not receive data from client: An existing connection was forcibly closed by the remote host.
	
2026-05-06 21:17:03.613 +07 [13468] LOG:  could not receive data from client: An existing connection was forcibly closed by the remote host.
	
2026-05-06 21:17:03.613 +07 [10020] LOG:  could not receive data from client: An existing connection was forcibly closed by the remote host.
	
2026-05-06 21:17:03.618 +07 [12532] LOG:  could not receive data from client: An existing connection was forcibly closed by the remote host.
	
2026-05-06 21:17:03.618 +07 [6236] LOG:  could not receive data from client: An existing connection was forcibly closed by the remote host.
	
2026-05-06 21:17:03.618 +07 [17444] LOG:  could not receive data from client: An existing connection was forcibly closed by the remote host.
	
2026-05-06 21:17:03.618 +07 [15080] LOG:  could not receive data from client: An existing connection was forcibly closed by the remote host.
	
2026-05-06 21:17:03.618 +07 [9528] LOG:  could not receive data from client: An existing connection was forcibly closed by the remote host.
	
2026-05-06 21:17:03.624 +07 [17852] LOG:  could not receive data from client: An existing connection was forcibly closed by the remote host.
	
2026-05-06 21:17:03.624 +07 [4916] LOG:  could not receive data from client: An existing connection was forcibly closed by the remote host.
	
2026-05-06 21:17:03.625 +07 [2024] LOG:  could not receive data from client: An existing connection was forcibly closed by the remote host.
	
2026-05-06 21:17:03.625 +07 [11600] LOG:  could not receive data from client: An existing connection was forcibly closed by the remote host.
	
2026-05-06 21:17:03.626 +07 [16388] LOG:  could not receive data from client: An existing connection was forcibly closed by the remote host.
	
2026-05-06 21:17:03.626 +07 [8856] LOG:  could not receive data from client: An existing connection was forcibly closed by the remote host.
	
2026-05-06 21:19:32.790 +07 [20948] LOG:  could not receive data from client: An established connection was aborted by the software in your host machine.
	
2026-05-06 21:19:33.041 +07 [19484] LOG:  could not receive data from client: An existing connection was forcibly closed by the remote host.
	
2026-05-06 21:20:48.903 +07 [12952] LOG:  checkpoint starting: time
2026-05-06 21:20:54.059 +07 [12952] LOG:  checkpoint complete: wrote 50 buffers (0.3%); 0 WAL file(s) added, 0 removed, 0 recycled; write=5.127 s, sync=0.010 s, total=5.157 s; sync files=43, longest=0.001 s, average=0.001 s; distance=227 kB, estimate=227 kB; lsn=0/1D692D8, redo lsn=0/1D692A0
2026-05-06 21:25:48.065 +07 [12952] LOG:  checkpoint starting: time
2026-05-06 21:25:49.377 +07 [12952] LOG:  checkpoint complete: wrote 13 buffers (0.1%); 0 WAL file(s) added, 0 removed, 0 recycled; write=1.293 s, sync=0.009 s, total=1.313 s; sync files=13, longest=0.002 s, average=0.001 s; distance=36 kB, estimate=208 kB; lsn=0/1D72368, redo lsn=0/1D72330
2026-05-06 21:40:48.394 +07 [12952] LOG:  checkpoint starting: time
2026-05-06 21:40:49.174 +07 [12952] LOG:  checkpoint complete: wrote 8 buffers (0.0%); 0 WAL file(s) added, 0 removed, 0 recycled; write=0.766 s, sync=0.005 s, total=0.780 s; sync files=8, longest=0.003 s, average=0.001 s; distance=25 kB, estimate=189 kB; lsn=0/1D78908, redo lsn=0/1D788D0
2026-05-06 21:43:25.338 +07 [23852] LOG:  could not receive data from client: An existing connection was forcibly closed by the remote host.
	
2026-05-06 21:43:25.362 +07 [25956] LOG:  could not receive data from client: An existing connection was forcibly closed by the remote host.
	
2026-05-06 21:43:25.364 +07 [5780] LOG:  could not receive data from client: An existing connection was forcibly closed by the remote host.
	
2026-05-06 21:43:25.365 +07 [4916] LOG:  could not receive data from client: An existing connection was forcibly closed by the remote host.
	
2026-05-06 21:43:25.366 +07 [3752] LOG:  could not receive data from client: An existing connection was forcibly closed by the remote host.
	
2026-05-06 21:43:25.367 +07 [17228] LOG:  could not receive data from client: An existing connection was forcibly closed by the remote host.
	
2026-05-06 21:43:25.370 +07 [2488] LOG:  could not receive data from client: An existing connection was forcibly closed by the remote host.
	
2026-05-06 21:43:25.371 +07 [10916] LOG:  could not receive data from client: An existing connection was forcibly closed by the remote host.
	
2026-05-06 21:43:25.372 +07 [9068] LOG:  could not receive data from client: An existing connection was forcibly closed by the remote host.
	
2026-05-06 21:43:25.373 +07 [22164] LOG:  could not receive data from client: An existing connection was forcibly closed by the remote host.
	
2026-05-06 21:43:25.373 +07 [13060] LOG:  could not receive data from client: An existing connection was forcibly closed by the remote host.
	
2026-05-06 21:43:25.374 +07 [22524] LOG:  could not receive data from client: An existing connection was forcibly closed by the remote host.
	
2026-05-06 21:43:25.374 +07 [17008] LOG:  could not receive data from client: An existing connection was forcibly closed by the remote host.
	
2026-05-06 21:43:25.374 +07 [22508] LOG:  could not receive data from client: An existing connection was forcibly closed by the remote host.
	
2026-05-06 21:43:25.374 +07 [4780] LOG:  could not receive data from client: An existing connection was forcibly closed by the remote host.
	
2026-05-06 21:43:25.374 +07 [19324] LOG:  could not receive data from client: An existing connection was forcibly closed by the remote host.
	
2026-05-06 21:43:25.378 +07 [26600] LOG:  could not receive data from client: An existing connection was forcibly closed by the remote host.
	
2026-05-06 21:43:25.392 +07 [16788] LOG:  could not receive data from client: An existing connection was forcibly closed by the remote host.
	
2026-05-06 21:43:25.392 +07 [15084] LOG:  could not receive data from client: An existing connection was forcibly closed by the remote host.
	
2026-05-06 21:43:25.397 +07 [14952] LOG:  could not receive data from client: An existing connection was forcibly closed by the remote host.
	
2026-05-06 21:43:25.398 +07 [16172] LOG:  could not receive data from client: An existing connection was forcibly closed by the remote host.
	
2026-05-06 21:43:25.398 +07 [7744] LOG:  could not receive data from client: An existing connection was forcibly closed by the remote host.
	
2026-05-06 21:43:25.398 +07 [24472] LOG:  could not receive data from client: An existing connection was forcibly closed by the remote host.
	
2026-05-06 21:43:25.398 +07 [5856] LOG:  could not receive data from client: An existing connection was forcibly closed by the remote host.
	
2026-05-06 21:43:25.401 +07 [12448] LOG:  could not receive data from client: An existing connection was forcibly closed by the remote host.
	
2026-05-06 21:43:38.022 +07 [14204] LOG:  could not receive data from client: An established connection was aborted by the software in your host machine.
	
2026-05-06 21:43:38.253 +07 [26292] LOG:  could not receive data from client: An existing connection was forcibly closed by the remote host.
	
2026-05-06 21:45:48.175 +07 [12952] LOG:  checkpoint starting: time
2026-05-06 21:45:55.725 +07 [12952] LOG:  checkpoint complete: wrote 69 buffers (0.4%); 0 WAL file(s) added, 0 removed, 0 recycled; write=7.524 s, sync=0.013 s, total=7.550 s; sync files=55, longest=0.003 s, average=0.001 s; distance=316 kB, estimate=316 kB; lsn=0/1DC8470, redo lsn=0/1DC7990
2026-05-06 21:50:48.752 +07 [12952] LOG:  checkpoint starting: time
2026-05-06 21:50:50.773 +07 [12952] LOG:  checkpoint complete: wrote 19 buffers (0.1%); 0 WAL file(s) added, 0 removed, 0 recycled; write=2.002 s, sync=0.006 s, total=2.021 s; sync files=14, longest=0.002 s, average=0.001 s; distance=61 kB, estimate=290 kB; lsn=0/1DD70C8, redo lsn=0/1DD7090
2026-05-06 21:55:48.784 +07 [12952] LOG:  checkpoint starting: time
2026-05-06 21:55:54.251 +07 [12952] LOG:  checkpoint complete: wrote 50 buffers (0.3%); 0 WAL file(s) added, 0 removed, 0 recycled; write=5.426 s, sync=0.021 s, total=5.468 s; sync files=45, longest=0.002 s, average=0.001 s; distance=93 kB, estimate=271 kB; lsn=0/1DEE7F0, redo lsn=0/1DEE7B8
2026-05-06 22:14:16.445 +07 [13280] LOG:  could not receive data from client: An existing connection was forcibly closed by the remote host.
	
2026-05-06 22:14:16.448 +07 [11292] LOG:  could not receive data from client: An existing connection was forcibly closed by the remote host.
	
2026-05-06 22:14:16.449 +07 [22420] LOG:  could not receive data from client: An existing connection was forcibly closed by the remote host.
	
2026-05-06 22:14:16.453 +07 [8180] LOG:  could not receive data from client: An existing connection was forcibly closed by the remote host.
	
2026-05-06 22:14:16.453 +07 [10296] LOG:  could not receive data from client: An existing connection was forcibly closed by the remote host.
	
2026-05-06 22:14:16.454 +07 [17748] LOG:  could not receive data from client: An existing connection was forcibly closed by the remote host.
	
2026-05-06 22:14:16.454 +07 [10196] LOG:  could not receive data from client: An existing connection was forcibly closed by the remote host.
	
2026-05-06 22:14:16.455 +07 [2380] LOG:  could not receive data from client: An existing connection was forcibly closed by the remote host.
	
2026-05-06 22:14:16.456 +07 [11196] LOG:  could not receive data from client: An existing connection was forcibly closed by the remote host.
	
2026-05-06 22:14:16.456 +07 [23720] LOG:  could not receive data from client: An existing connection was forcibly closed by the remote host.
	
2026-05-06 22:14:16.458 +07 [19372] LOG:  could not receive data from client: An existing connection was forcibly closed by the remote host.
	
2026-05-06 22:14:16.459 +07 [1240] LOG:  could not receive data from client: An existing connection was forcibly closed by the remote host.
	
2026-05-06 22:14:16.460 +07 [16592] LOG:  could not receive data from client: An existing connection was forcibly closed by the remote host.
	
2026-05-06 22:14:16.461 +07 [16192] LOG:  could not receive data from client: An existing connection was forcibly closed by the remote host.
	
2026-05-06 22:14:16.461 +07 [12188] LOG:  could not receive data from client: An existing connection was forcibly closed by the remote host.
	
2026-05-06 22:14:16.461 +07 [10816] LOG:  could not receive data from client: An existing connection was forcibly closed by the remote host.
	
2026-05-06 22:14:16.462 +07 [13752] LOG:  could not receive data from client: An existing connection was forcibly closed by the remote host.
	
2026-05-06 22:14:16.463 +07 [5536] LOG:  could not receive data from client: An existing connection was forcibly closed by the remote host.
	
2026-05-06 22:14:16.465 +07 [17464] LOG:  could not receive data from client: An existing connection was forcibly closed by the remote host.
	
2026-05-06 22:14:16.468 +07 [11752] LOG:  could not receive data from client: An existing connection was forcibly closed by the remote host.
	
2026-05-06 22:14:16.468 +07 [9588] LOG:  could not receive data from client: An existing connection was forcibly closed by the remote host.
	
2026-05-06 22:14:16.473 +07 [23540] LOG:  could not receive data from client: An existing connection was forcibly closed by the remote host.
	
2026-05-06 22:14:16.474 +07 [5936] LOG:  could not receive data from client: An existing connection was forcibly closed by the remote host.
	
2026-05-06 22:14:16.474 +07 [22668] LOG:  could not receive data from client: An existing connection was forcibly closed by the remote host.
	
2026-05-06 22:14:16.475 +07 [12760] LOG:  could not receive data from client: An existing connection was forcibly closed by the remote host.
	
2026-05-06 22:15:02.631 +07 [14468] LOG:  could not receive data from client: An established connection was aborted by the software in your host machine.
	
2026-05-06 22:15:02.815 +07 [21448] ERROR:  permission denied to create extension "unaccent"
2026-05-06 22:15:02.815 +07 [21448] HINT:  Must have CREATE privilege on current database to create this extension.
2026-05-06 22:15:02.815 +07 [21448] STATEMENT:  -- Search helpers for long-term PostgreSQL usage.
	CREATE EXTENSION IF NOT EXISTS unaccent;
	CREATE EXTENSION IF NOT EXISTS pg_trgm;
	
	CREATE OR REPLACE FUNCTION immutable_unaccent(text)
	RETURNS text
	LANGUAGE sql
	IMMUTABLE
	PARALLEL SAFE
	AS $$
	  SELECT public.unaccent('public.unaccent', $1)
	$$;
	
	CREATE INDEX IF NOT EXISTS "Customer_search_unaccent_idx"
	  ON "Customer" USING gin (immutable_unaccent(lower(coalesce("name", '') || ' ' || coalesce("phone", '') || ' ' || coalesce("email", '') || ' ' || coalesce("note", ''))) gin_trgm_ops);
	
	CREATE INDEX IF NOT EXISTS "Booking_search_unaccent_idx"
	  ON "Booking" USING gin (immutable_unaccent(lower(coalesce("customerName", '') || ' ' || coalesce("packageName", '') || ' ' || coalesce("categoryName", '') || ' ' || coalesce("title", '') || ' ' || coalesce("note", ''))) gin_trgm_ops);
	
	CREATE INDEX IF NOT EXISTS "Transaction_search_unaccent_idx"
	  ON "Transaction" USING gin (immutable_unaccent(lower(coalesce("title", '') || ' ' || coalesce("note", '') || ' ' || coalesce("amount"::text, ''))) gin_trgm_ops);
	
	CREATE INDEX IF NOT EXISTS "Project_search_unaccent_idx"
	  ON "Project" USING gin (immutable_unaccent(lower(coalesce("code", '') || ' ' || coalesce("name", '') || ' ' || coalesce("note", ''))) gin_trgm_ops);
	
	CREATE INDEX IF NOT EXISTS "Package_search_unaccent_idx"
	  ON "Package" USING gin (immutable_unaccent(lower(coalesce("name", '') || ' ' || coalesce("description", '') || ' ' || coalesce("includes", ''))) gin_trgm_ops);
	
2026-05-06 22:15:02.825 +07 [21448] LOG:  could not receive data from client: An existing connection was forcibly closed by the remote host.
	
2026-05-06 22:15:48.284 +07 [12952] LOG:  checkpoint starting: time
2026-05-06 22:15:50.364 +07 [12952] LOG:  checkpoint complete: wrote 20 buffers (0.1%); 0 WAL file(s) added, 0 removed, 0 recycled; write=2.067 s, sync=0.007 s, total=2.081 s; sync files=20, longest=0.004 s, average=0.001 s; distance=27 kB, estimate=246 kB; lsn=0/1DF56E0, redo lsn=0/1DF56A8
2026-05-06 22:16:50.146 +07 [26324] LOG:  could not receive data from client: An established connection was aborted by the software in your host machine.
	
2026-05-06 22:16:50.243 +07 [15716] LOG:  could not receive data from client: An existing connection was forcibly closed by the remote host.
	
2026-05-06 22:17:32.229 +07 [13300] LOG:  could not receive data from client: An established connection was aborted by the software in your host machine.
	
2026-05-06 22:17:32.371 +07 [24768] ERROR:  must be owner of table Customer
2026-05-06 22:17:32.371 +07 [24768] STATEMENT:  -- Search helpers that do not require superuser-only PostgreSQL extensions.
	CREATE OR REPLACE FUNCTION vi_unaccent(text)
	RETURNS text
	LANGUAGE sql
	IMMUTABLE
	PARALLEL SAFE
	AS $$
	  SELECT translate(
	    lower(coalesce($1, '')),
	    'áàảãạăắằẳẵặâấầẩẫậéèẻẽẹêếềểễệíìỉĩịóòỏõọôốồổỗộơớờởỡợúùủũụưứừửữựýỳỷỹỵđ',
	    'aaaaaaaaaaaaaaaaaeeeeeeeeeeeiiiiiooooooooooooooooouuuuuuuuuuuyyyyyd'
	  )
	$$;
	
	CREATE INDEX IF NOT EXISTS "Customer_search_vi_idx"
	  ON "Customer" (vi_unaccent(coalesce("name", '') || ' ' || coalesce("phone", '') || ' ' || coalesce("email", '') || ' ' || coalesce("note", '')));
	
	CREATE INDEX IF NOT EXISTS "Booking_search_vi_idx"
	  ON "Booking" (vi_unaccent(coalesce("customerName", '') || ' ' || coalesce("packageName", '') || ' ' || coalesce("categoryName", '') || ' ' || coalesce("title", '') || ' ' || coalesce("note", '')));
	
	CREATE INDEX IF NOT EXISTS "Transaction_search_vi_idx"
	  ON "Transaction" (vi_unaccent(coalesce("title", '') || ' ' || coalesce("note", '') || ' ' || coalesce("amount"::text, '')));
	
	CREATE INDEX IF NOT EXISTS "Project_search_vi_idx"
	  ON "Project" (vi_unaccent(coalesce("code", '') || ' ' || coalesce("name", '') || ' ' || coalesce("note", '')));
	
	CREATE INDEX IF NOT EXISTS "Package_search_vi_idx"
	  ON "Package" (vi_unaccent(coalesce("name", '') || ' ' || coalesce("description", '') || ' ' || coalesce("includes", '')));
	
2026-05-06 22:17:32.379 +07 [24768] LOG:  could not receive data from client: An existing connection was forcibly closed by the remote host.
	
2026-05-06 22:18:17.182 +07 [8488] LOG:  could not receive data from client: An established connection was aborted by the software in your host machine.
	
2026-05-06 22:18:17.255 +07 [6544] LOG:  could not receive data from client: An existing connection was forcibly closed by the remote host.
	
2026-05-06 22:18:44.841 +07 [13404] LOG:  could not receive data from client: An existing connection was forcibly closed by the remote host.
	
2026-05-06 22:18:44.921 +07 [7460] LOG:  could not receive data from client: An existing connection was forcibly closed by the remote host.
	
2026-05-06 22:20:48.379 +07 [12952] LOG:  checkpoint starting: time
2026-05-06 22:20:49.809 +07 [12952] LOG:  checkpoint complete: wrote 14 buffers (0.1%); 0 WAL file(s) added, 0 removed, 0 recycled; write=1.417 s, sync=0.007 s, total=1.431 s; sync files=13, longest=0.004 s, average=0.001 s; distance=52 kB, estimate=227 kB; lsn=0/1E02930, redo lsn=0/1E028F8
2026-05-06 22:35:48.824 +07 [12952] LOG:  checkpoint starting: time
2026-05-06 22:35:49.631 +07 [12952] LOG:  checkpoint complete: wrote 8 buffers (0.0%); 0 WAL file(s) added, 0 removed, 0 recycled; write=0.775 s, sync=0.006 s, total=0.807 s; sync files=8, longest=0.002 s, average=0.001 s; distance=26 kB, estimate=207 kB; lsn=0/1E09298, redo lsn=0/1E09260
2026-05-06 22:50:48.647 +07 [12952] LOG:  checkpoint starting: time
2026-05-06 22:50:51.987 +07 [12952] LOG:  checkpoint complete: wrote 31 buffers (0.2%); 0 WAL file(s) added, 0 removed, 0 recycled; write=3.311 s, sync=0.021 s, total=3.341 s; sync files=29, longest=0.013 s, average=0.001 s; distance=69 kB, estimate=193 kB; lsn=0/1E36ED8, redo lsn=0/1E1A7B8
2026-05-06 22:55:48.988 +07 [12952] LOG:  checkpoint starting: time
2026-05-06 22:55:59.299 +07 [12952] LOG:  checkpoint complete: wrote 95 buffers (0.6%); 0 WAL file(s) added, 0 removed, 0 recycled; write=10.290 s, sync=0.016 s, total=10.312 s; sync files=94, longest=0.003 s, average=0.001 s; distance=114 kB, estimate=185 kB; lsn=0/1E37058, redo lsn=0/1E37020
2026-05-06 23:05:48.310 +07 [12952] LOG:  checkpoint starting: time
2026-05-06 23:05:50.535 +07 [12952] LOG:  checkpoint complete: wrote 21 buffers (0.1%); 0 WAL file(s) added, 0 removed, 0 recycled; write=2.207 s, sync=0.008 s, total=2.226 s; sync files=21, longest=0.003 s, average=0.001 s; distance=48 kB, estimate=171 kB; lsn=0/1E43388, redo lsn=0/1E43350
2026-05-06 23:10:48.544 +07 [12952] LOG:  checkpoint starting: time
2026-05-06 23:10:51.850 +07 [12952] LOG:  checkpoint complete: wrote 31 buffers (0.2%); 0 WAL file(s) added, 0 removed, 0 recycled; write=3.281 s, sync=0.012 s, total=3.306 s; sync files=30, longest=0.003 s, average=0.001 s; distance=77 kB, estimate=162 kB; lsn=0/1E56948, redo lsn=0/1E56910
2026-05-06 23:15:48.859 +07 [12952] LOG:  checkpoint starting: time
2026-05-06 23:15:50.647 +07 [12952] LOG:  checkpoint complete: wrote 17 buffers (0.1%); 0 WAL file(s) added, 0 removed, 0 recycled; write=1.766 s, sync=0.010 s, total=1.788 s; sync files=17, longest=0.003 s, average=0.001 s; distance=53 kB, estimate=151 kB; lsn=0/1E640D8, redo lsn=0/1E640A0
2026-05-06 23:30:48.660 +07 [12952] LOG:  checkpoint starting: time
2026-05-06 23:30:49.459 +07 [12952] LOG:  checkpoint complete: wrote 8 buffers (0.0%); 0 WAL file(s) added, 0 removed, 0 recycled; write=0.781 s, sync=0.003 s, total=0.800 s; sync files=8, longest=0.002 s, average=0.001 s; distance=17 kB, estimate=138 kB; lsn=0/1E68500, redo lsn=0/1E684C8
2026-05-06 23:35:48.467 +07 [12952] LOG:  checkpoint starting: time
2026-05-06 23:35:49.250 +07 [12952] LOG:  checkpoint complete: wrote 8 buffers (0.0%); 0 WAL file(s) added, 0 removed, 0 recycled; write=0.766 s, sync=0.003 s, total=0.783 s; sync files=8, longest=0.001 s, average=0.001 s; distance=19 kB, estimate=126 kB; lsn=0/1E6D2F8, redo lsn=0/1E6D2C0
2026-05-06 23:40:48.253 +07 [12952] LOG:  checkpoint starting: time
2026-05-06 23:40:49.925 +07 [12952] LOG:  checkpoint complete: wrote 16 buffers (0.1%); 0 WAL file(s) added, 0 removed, 0 recycled; write=1.653 s, sync=0.006 s, total=1.673 s; sync files=16, longest=0.002 s, average=0.001 s; distance=54 kB, estimate=119 kB; lsn=0/1E7AE70, redo lsn=0/1E7AE38
2026-05-06 23:50:48.934 +07 [12952] LOG:  checkpoint starting: time
2026-05-06 23:50:49.812 +07 [12952] LOG:  checkpoint complete: wrote 9 buffers (0.1%); 0 WAL file(s) added, 0 removed, 0 recycled; write=0.870 s, sync=0.003 s, total=0.879 s; sync files=9, longest=0.001 s, average=0.001 s; distance=23 kB, estimate=109 kB; lsn=0/1E80C28, redo lsn=0/1E80BF0
2026-05-07 00:00:48.830 +07 [12952] LOG:  checkpoint starting: time
2026-05-07 00:00:50.038 +07 [12952] LOG:  checkpoint complete: wrote 12 buffers (0.1%); 0 WAL file(s) added, 0 removed, 0 recycled; write=1.195 s, sync=0.004 s, total=1.209 s; sync files=12, longest=0.002 s, average=0.001 s; distance=24 kB, estimate=101 kB; lsn=0/1E86E48, redo lsn=0/1E86E10
2026-05-07 00:15:48.068 +07 [12952] LOG:  checkpoint starting: time
2026-05-07 00:15:50.488 +07 [12952] LOG:  checkpoint complete: wrote 23 buffers (0.1%); 0 WAL file(s) added, 0 removed, 0 recycled; write=2.405 s, sync=0.006 s, total=2.420 s; sync files=15, longest=0.002 s, average=0.001 s; distance=79 kB, estimate=98 kB; lsn=0/1E9AAC8, redo lsn=0/1E9AA90
2026-05-07 00:25:48.492 +07 [12952] LOG:  checkpoint starting: time
2026-05-07 00:25:49.603 +07 [12952] LOG:  checkpoint complete: wrote 11 buffers (0.1%); 0 WAL file(s) added, 0 removed, 0 recycled; write=1.097 s, sync=0.004 s, total=1.112 s; sync files=10, longest=0.002 s, average=0.001 s; distance=24 kB, estimate=91 kB; lsn=0/1EA0EA0, redo lsn=0/1EA0E68
2026-05-07 00:30:48.610 +07 [12952] LOG:  checkpoint starting: time
2026-05-07 00:30:50.810 +07 [12952] LOG:  checkpoint complete: wrote 21 buffers (0.1%); 0 WAL file(s) added, 0 removed, 0 recycled; write=2.178 s, sync=0.008 s, total=2.200 s; sync files=21, longest=0.002 s, average=0.001 s; distance=44 kB, estimate=86 kB; lsn=0/1EAC230, redo lsn=0/1EAC1C0
2026-05-07 00:35:48.812 +07 [12952] LOG:  checkpoint starting: time
2026-05-07 00:35:53.502 +07 [12952] LOG:  checkpoint complete: wrote 45 buffers (0.3%); 0 WAL file(s) added, 0 removed, 0 recycled; write=4.677 s, sync=0.006 s, total=4.690 s; sync files=30, longest=0.002 s, average=0.001 s; distance=156 kB, estimate=156 kB; lsn=0/1ED32A8, redo lsn=0/1ED3270
2026-05-07 00:40:48.511 +07 [12952] LOG:  checkpoint starting: time
2026-05-07 00:40:49.943 +07 [12952] LOG:  checkpoint complete: wrote 14 buffers (0.1%); 0 WAL file(s) added, 0 removed, 0 recycled; write=1.419 s, sync=0.005 s, total=1.433 s; sync files=12, longest=0.002 s, average=0.001 s; distance=40 kB, estimate=144 kB; lsn=0/1EDD618, redo lsn=0/1EDD5E0
2026-05-07 00:45:48.947 +07 [12952] LOG:  checkpoint starting: time
2026-05-07 00:45:49.294 +07 [12952] LOG:  checkpoint complete: wrote 3 buffers (0.0%); 0 WAL file(s) added, 0 removed, 0 recycled; write=0.335 s, sync=0.004 s, total=0.348 s; sync files=1, longest=0.004 s, average=0.004 s; distance=17 kB, estimate=131 kB; lsn=0/1EE1CB0, redo lsn=0/1EE1C78
2026-05-07 00:50:48.304 +07 [12952] LOG:  checkpoint starting: time
2026-05-07 00:50:51.048 +07 [12952] LOG:  checkpoint complete: wrote 26 buffers (0.2%); 0 WAL file(s) added, 0 removed, 0 recycled; write=2.724 s, sync=0.008 s, total=2.745 s; sync files=25, longest=0.003 s, average=0.001 s; distance=85 kB, estimate=127 kB; lsn=0/1EF7350, redo lsn=0/1EF7318
2026-05-07 00:55:48.049 +07 [12952] LOG:  checkpoint starting: time
2026-05-07 00:55:49.704 +07 [12952] LOG:  checkpoint complete: wrote 16 buffers (0.1%); 0 WAL file(s) added, 0 removed, 0 recycled; write=1.638 s, sync=0.006 s, total=1.656 s; sync files=16, longest=0.002 s, average=0.001 s; distance=48 kB, estimate=119 kB; lsn=0/1F035F8, redo lsn=0/1F035C0
2026-05-07 01:05:48.722 +07 [12952] LOG:  checkpoint starting: time
2026-05-07 01:05:49.713 +07 [12952] LOG:  checkpoint complete: wrote 10 buffers (0.1%); 0 WAL file(s) added, 0 removed, 0 recycled; write=0.975 s, sync=0.006 s, total=0.991 s; sync files=9, longest=0.002 s, average=0.001 s; distance=29 kB, estimate=110 kB; lsn=0/1F0AA38, redo lsn=0/1F0AA00
2026-05-07 01:10:48.717 +07 [12952] LOG:  checkpoint starting: time
2026-05-07 01:10:52.231 +07 [12952] LOG:  checkpoint complete: wrote 33 buffers (0.2%); 0 WAL file(s) added, 0 removed, 0 recycled; write=3.490 s, sync=0.008 s, total=3.514 s; sync files=32, longest=0.002 s, average=0.001 s; distance=84 kB, estimate=107 kB; lsn=0/1F1FC80, redo lsn=0/1F1FC48
2026-05-07 01:15:48.238 +07 [12952] LOG:  checkpoint starting: time
2026-05-07 01:15:50.339 +07 [12952] LOG:  checkpoint complete: wrote 20 buffers (0.1%); 0 WAL file(s) added, 0 removed, 0 recycled; write=2.087 s, sync=0.005 s, total=2.101 s; sync files=19, longest=0.001 s, average=0.001 s; distance=68 kB, estimate=103 kB; lsn=0/1F30EC8, redo lsn=0/1F30E90
2026-05-07 01:20:48.341 +07 [12952] LOG:  checkpoint starting: time
2026-05-07 01:20:49.559 +07 [12952] LOG:  checkpoint complete: wrote 12 buffers (0.1%); 0 WAL file(s) added, 0 removed, 0 recycled; write=1.208 s, sync=0.003 s, total=1.218 s; sync files=11, longest=0.002 s, average=0.001 s; distance=28 kB, estimate=96 kB; lsn=0/1F37FD8, redo lsn=0/1F37FA0
2026-05-07 01:25:48.568 +07 [12952] LOG:  checkpoint starting: time
2026-05-07 01:25:50.339 +07 [12952] LOG:  checkpoint complete: wrote 17 buffers (0.1%); 0 WAL file(s) added, 0 removed, 0 recycled; write=1.755 s, sync=0.008 s, total=1.772 s; sync files=17, longest=0.004 s, average=0.001 s; distance=51 kB, estimate=91 kB; lsn=0/1F44CE0, redo lsn=0/1F44CA8
2026-05-07 01:30:48.347 +07 [12952] LOG:  checkpoint starting: time
2026-05-07 01:30:49.361 +07 [12952] LOG:  checkpoint complete: wrote 10 buffers (0.1%); 0 WAL file(s) added, 0 removed, 0 recycled; write=0.999 s, sync=0.006 s, total=1.015 s; sync files=10, longest=0.003 s, average=0.001 s; distance=39 kB, estimate=86 kB; lsn=0/1F4EC00, redo lsn=0/1F4EBC8
2026-05-07 01:35:48.426 +07 [12952] LOG:  checkpoint starting: time
2026-05-07 01:35:50.732 +07 [12952] LOG:  checkpoint complete: wrote 22 buffers (0.1%); 0 WAL file(s) added, 0 removed, 0 recycled; write=2.287 s, sync=0.009 s, total=2.306 s; sync files=19, longest=0.004 s, average=0.001 s; distance=74 kB, estimate=85 kB; lsn=0/1F61688, redo lsn=0/1F61650
2026-05-07 01:38:27.882 +07 [10544] LOG:  server process (PID 22732) was terminated by exception 0xC000013A
2026-05-07 01:38:27.882 +07 [10544] DETAIL:  Failed process was running: SELECT "public"."Booking"."id", "public"."Booking"."studioId", "public"."Booking"."customerId", "public"."Booking"."serviceId", "public"."Booking"."packageId", "public"."Booking"."customerName", "public"."Booking"."packageName", "public"."Booking"."categoryName", "public"."Booking"."price", "public"."Booking"."startTime", "public"."Booking"."endTime", "public"."Booking"."title", "public"."Booking"."imageUrl", "public"."Booking"."galleryUrls", "public"."Booking"."studioRoom", "public"."Booking"."startAt", "public"."Booking"."endAt", "public"."Booking"."status", "public"."Booking"."deposit", "public"."Booking"."total", "public"."Booking"."note", "public"."Booking"."createdAt", "public"."Booking"."updatedAt", "public"."Booking"."deletedAt" FROM "public"."Booking" WHERE ("public"."Booking"."studioId" = $1 AND "public"."Booking"."deletedAt" IS NULL AND "public"."Booking"."startAt" >= $2 AND "public"."Booking"."startAt" <= $3 AND "public"."Booking"."status" NOT IN ($4,$5,$6)) ORDER BY "public"."Booking"."startAt" 
2026-05-07 01:38:27.882 +07 [10544] HINT:  See C include file "ntstatus.h" for a description of the hexadecimal value.
2026-05-07 01:38:27.882 +07 [10544] LOG:  terminating any other active server processes
2026-05-07 01:38:27.951 +07 [10544] LOG:  received fast shutdown request
^C2026-05-07 13:07:41.803 +07 [8208] LOG:  starting PostgreSQL 16.13, compiled by Visual C++ build 1944, 64-bit
2026-05-07 13:07:41.814 +07 [8208] LOG:  listening on IPv6 address "::1", port 5432
2026-05-07 13:07:41.815 +07 [8208] LOG:  listening on IPv4 address "127.0.0.1", port 5432
2026-05-07 13:07:41.983 +07 [23280] LOG:  database system was interrupted; last known up at 2026-05-07 01:35:50 +07
2026-05-07 13:07:47.256 +07 [23280] LOG:  database system was not properly shut down; automatic recovery in progress
2026-05-07 13:07:47.264 +07 [23280] LOG:  redo starts at 0/1F61650
2026-05-07 13:07:47.286 +07 [23280] LOG:  invalid record length at 0/1F71F40: expected at least 24, got 0
2026-05-07 13:07:47.286 +07 [23280] LOG:  redo done at 0/1F71F08 system usage: CPU: user: 0.00 s, system: 0.00 s, elapsed: 0.02 s
2026-05-07 13:07:47.292 +07 [13964] LOG:  checkpoint starting: end-of-recovery immediate wait
2026-05-07 13:07:47.330 +07 [13964] LOG:  checkpoint complete: wrote 25 buffers (0.2%); 0 WAL file(s) added, 0 removed, 0 recycled; write=0.024 s, sync=0.007 s, total=0.039 s; sync files=21, longest=0.001 s, average=0.001 s; distance=66 kB, estimate=66 kB; lsn=0/1F71F40, redo lsn=0/1F71F40
2026-05-07 13:07:47.374 +07 [8208] LOG:  database system is ready to accept connections
2026-05-07 13:12:47.329 +07 [13964] LOG:  checkpoint starting: time
2026-05-07 13:12:50.113 +07 [13964] LOG:  checkpoint complete: wrote 26 buffers (0.2%); 0 WAL file(s) added, 0 removed, 0 recycled; write=2.769 s, sync=0.006 s, total=2.785 s; sync files=25, longest=0.002 s, average=0.001 s; distance=86 kB, estimate=86 kB; lsn=0/1F877F8, redo lsn=0/1F877C0
2026-05-07 13:22:47.112 +07 [13964] LOG:  checkpoint starting: time
2026-05-07 13:22:48.353 +07 [13964] LOG:  checkpoint complete: wrote 12 buffers (0.1%); 0 WAL file(s) added, 0 removed, 0 recycled; write=1.210 s, sync=0.004 s, total=1.241 s; sync files=11, longest=0.002 s, average=0.001 s; distance=31 kB, estimate=80 kB; lsn=0/1F8F5E0, redo lsn=0/1F8F5A8
2026-05-07 13:27:47.352 +07 [13964] LOG:  checkpoint starting: time
2026-05-07 13:27:48.117 +07 [13964] LOG:  checkpoint complete: wrote 8 buffers (0.0%); 0 WAL file(s) added, 0 removed, 0 recycled; write=0.753 s, sync=0.004 s, total=0.765 s; sync files=8, longest=0.002 s, average=0.001 s; distance=26 kB, estimate=75 kB; lsn=0/1F96168, redo lsn=0/1F96130
2026-05-07 13:42:47.134 +07 [13964] LOG:  checkpoint starting: time
2026-05-07 13:42:48.087 +07 [13964] LOG:  checkpoint complete: wrote 10 buffers (0.1%); 0 WAL file(s) added, 0 removed, 0 recycled; write=0.934 s, sync=0.009 s, total=0.953 s; sync files=9, longest=0.004 s, average=0.001 s; distance=32 kB, estimate=71 kB; lsn=0/1F9E500, redo lsn=0/1F9E4C8
2026-05-07 14:02:47.120 +07 [13964] LOG:  checkpoint starting: time
2026-05-07 14:02:48.095 +07 [13964] LOG:  checkpoint complete: wrote 10 buffers (0.1%); 0 WAL file(s) added, 0 removed, 0 recycled; write=0.947 s, sync=0.005 s, total=0.976 s; sync files=9, longest=0.002 s, average=0.001 s; distance=28 kB, estimate=66 kB; lsn=0/1FA58A8, redo lsn=0/1FA5870
2026-05-07 14:17:56.596 +07 [8208] LOG:  received fast shutdown request
2026-05-07 14:17:56.596 +07 [22228] ERROR:  canceling statement due to user request
2026-05-07 14:17:56.597 +07 [8208] LOG:  aborting any active transactions
2026-05-07 14:17:56.597 +07 [6464] FATAL:  terminating connection due to administrator command
2026-05-07 14:17:56.598 +07 [21952] FATAL:  terminating connection due to administrator command
2026-05-07 14:17:56.598 +07 [3232] FATAL:  terminating connection due to administrator command
2026-05-07 14:17:56.598 +07 [26068] FATAL:  terminating connection due to administrator command
2026-05-07 14:17:56.598 +07 [24836] FATAL:  terminating connection due to administrator command
2026-05-07 14:17:56.598 +07 [28348] FATAL:  terminating connection due to administrator command
2026-05-07 14:17:56.598 +07 [11100] FATAL:  terminating connection due to administrator command
2026-05-07 14:17:56.598 +07 [9092] FATAL:  terminating connection due to administrator command
2026-05-07 14:17:56.598 +07 [9764] FATAL:  terminating connection due to administrator command
2026-05-07 14:17:56.598 +07 [9636] FATAL:  terminating connection due to administrator command
2026-05-07 14:17:56.599 +07 [28360] FATAL:  terminating connection due to administrator command
2026-05-07 14:17:56.599 +07 [22684] FATAL:  terminating connection due to administrator command
2026-05-07 14:17:56.599 +07 [2596] FATAL:  terminating connection due to administrator command
2026-05-07 14:17:56.599 +07 [16284] FATAL:  terminating connection due to administrator command
2026-05-07 14:17:56.599 +07 [21960] FATAL:  terminating connection due to administrator command
2026-05-07 14:17:56.599 +07 [28492] FATAL:  terminating connection due to administrator command
2026-05-07 14:17:56.600 +07 [15636] FATAL:  terminating connection due to administrator command
2026-05-07 14:17:56.600 +07 [26000] FATAL:  terminating connection due to administrator command
2026-05-07 14:17:56.600 +07 [23824] FATAL:  terminating connection due to administrator command
2026-05-07 14:17:56.599 +07 [12140] FATAL:  terminating connection due to administrator command
2026-05-07 14:17:56.600 +07 [9744] FATAL:  terminating connection due to administrator command
2026-05-07 14:17:56.600 +07 [12716] FATAL:  terminating connection due to administrator command
2026-05-07 14:17:56.600 +07 [8868] FATAL:  terminating connection due to administrator command
2026-05-07 14:17:56.601 +07 [23452] FATAL:  terminating connection due to administrator command
2026-05-07 14:17:56.600 +07 [18220] FATAL:  terminating connection due to administrator command
2026-05-07 14:17:56.607 +07 [8208] LOG:  background worker "logical replication launcher" (PID 22228) exited with exit code 1
2026-05-07 14:17:56.628 +07 [13964] LOG:  shutting down
2026-05-07 14:17:56.629 +07 [13964] LOG:  checkpoint starting: shutdown immediate
2026-05-07 14:17:56.647 +07 [13964] LOG:  checkpoint complete: wrote 0 buffers (0.0%); 0 WAL file(s) added, 0 removed, 0 recycled; write=0.001 s, sync=0.001 s, total=0.019 s; sync files=0, longest=0.000 s, average=0.000 s; distance=0 kB, estimate=60 kB; lsn=0/1FA5958, redo lsn=0/1FA5958
2026-05-07 14:17:56.662 +07 [8208] LOG:  database system is shut down
2026-05-07 14:37:20.892 +07 [12124] LOG:  starting PostgreSQL 16.13, compiled by Visual C++ build 1944, 64-bit
2026-05-07 14:37:20.901 +07 [12124] LOG:  listening on IPv6 address "::1", port 5432
2026-05-07 14:37:20.901 +07 [12124] LOG:  listening on IPv4 address "127.0.0.1", port 5432
2026-05-07 14:37:20.976 +07 [2760] LOG:  database system was shut down at 2026-05-07 14:17:56 +07
2026-05-07 14:37:21.000 +07 [12124] LOG:  database system is ready to accept connections
2026-05-07 14:38:51.754 +07 [12124] LOG:  received fast shutdown request
2026-05-07 14:38:51.755 +07 [12124] LOG:  aborting any active transactions
2026-05-07 14:38:51.758 +07 [12396] ERROR:  canceling statement due to user request
2026-05-07 14:38:51.763 +07 [12124] LOG:  background worker "logical replication launcher" (PID 12396) exited with exit code 1
2026-05-07 14:38:51.763 +07 [11300] LOG:  shutting down
2026-05-07 14:38:51.764 +07 [11300] LOG:  checkpoint starting: shutdown immediate
2026-05-07 14:38:51.784 +07 [11300] LOG:  checkpoint complete: wrote 3 buffers (0.0%); 0 WAL file(s) added, 0 removed, 0 recycled; write=0.007 s, sync=0.003 s, total=0.021 s; sync files=2, longest=0.002 s, average=0.002 s; distance=0 kB, estimate=0 kB; lsn=0/1FA5A08, redo lsn=0/1FA5A08
2026-05-07 14:38:51.805 +07 [12124] LOG:  database system is shut down
2026-05-07 14:38:58.634 +07 [21816] LOG:  starting PostgreSQL 16.13, compiled by Visual C++ build 1944, 64-bit
2026-05-07 14:38:58.640 +07 [21816] LOG:  listening on IPv6 address "::1", port 5432
2026-05-07 14:38:58.640 +07 [21816] LOG:  listening on IPv4 address "127.0.0.1", port 5432
2026-05-07 14:38:58.822 +07 [24696] LOG:  database system was shut down at 2026-05-07 14:38:51 +07
2026-05-07 14:38:58.854 +07 [21816] LOG:  database system is ready to accept connections
2026-05-07 14:43:58.725 +07 [26532] LOG:  checkpoint starting: time
2026-05-07 14:43:58.741 +07 [26532] LOG:  checkpoint complete: wrote 3 buffers (0.0%); 0 WAL file(s) added, 0 removed, 0 recycled; write=0.005 s, sync=0.002 s, total=0.016 s; sync files=2, longest=0.001 s, average=0.001 s; distance=0 kB, estimate=0 kB; lsn=0/1FA5AF0, redo lsn=0/1FA5AB8
2026-05-07 14:46:37.183 +07 [23352] ERROR:  canceling statement due to user request
2026-05-07 14:46:37.184 +07 [21816] LOG:  received fast shutdown request
2026-05-07 14:46:37.188 +07 [21816] LOG:  aborting any active transactions
2026-05-07 14:46:37.195 +07 [21816] LOG:  background worker "logical replication launcher" (PID 23352) exited with exit code 1
2026-05-07 14:46:37.203 +07 [26532] LOG:  shutting down
2026-05-07 14:46:37.205 +07 [26532] LOG:  checkpoint starting: shutdown immediate
2026-05-07 14:46:37.229 +07 [26532] LOG:  checkpoint complete: wrote 0 buffers (0.0%); 0 WAL file(s) added, 0 removed, 0 recycled; write=0.002 s, sync=0.001 s, total=0.026 s; sync files=0, longest=0.000 s, average=0.000 s; distance=0 kB, estimate=0 kB; lsn=0/1FA5BA0, redo lsn=0/1FA5BA0
2026-05-07 14:46:37.248 +07 [21816] LOG:  database system is shut down
2026-05-07 14:48:16.971 +07 [28584] LOG:  starting PostgreSQL 16.13, compiled by Visual C++ build 1944, 64-bit
2026-05-07 14:48:16.978 +07 [28584] LOG:  listening on IPv6 address "::1", port 5432
2026-05-07 14:48:16.979 +07 [28584] LOG:  listening on IPv4 address "127.0.0.1", port 5432
2026-05-07 14:48:17.025 +07 [5164] LOG:  database system was shut down at 2026-05-07 14:46:37 +07
2026-05-07 14:48:17.049 +07 [28584] LOG:  database system is ready to accept connections
2026-05-07 14:53:17.020 +07 [16256] LOG:  checkpoint starting: time
2026-05-07 14:53:17.046 +07 [16256] LOG:  checkpoint complete: wrote 3 buffers (0.0%); 0 WAL file(s) added, 0 removed, 0 recycled; write=0.007 s, sync=0.005 s, total=0.026 s; sync files=2, longest=0.003 s, average=0.003 s; distance=0 kB, estimate=0 kB; lsn=0/1FA5C88, redo lsn=0/1FA5C50
2026-05-07 15:45:15.193 +07 [28584] LOG:  background worker "logical replication launcher" (PID 11588) was terminated by exception 0xC000013A
2026-05-07 15:45:15.193 +07 [28584] HINT:  See C include file "ntstatus.h" for a description of the hexadecimal value.
2026-05-07 15:45:15.193 +07 [28584] LOG:  terminating any other active server processes
2026-05-07 15:45:15.197 +07 [28584] LOG:  received fast shutdown request
^C